2019-07-16 14:04:18.240 [restartedMain] INFO  org.fh.api.FhiApiApplication - Starting FhiApiApplication on YK219ZAO71X6ZV0 with PID 10172 (C:\Dysprep\svn\bin\svn\fh_api\target\classes started by Administrator in C:\Dysprep\svn\bin\svn\fh_api)
2019-07-16 14:04:18.242 [restartedMain] INFO  org.fh.api.FhiApiApplication - No active profile set, falling back to default profiles: default
2019-07-16 14:04:18.293 [restartedMain] INFO  o.s.b.d.env.DevToolsPropertyDefaultsPostProcessor - Devtools property defaults active! Set 'spring.devtools.add-properties' to 'false' to disable
2019-07-16 14:04:18.294 [restartedMain] INFO  o.s.b.d.env.DevToolsPropertyDefaultsPostProcessor - For additional web related logging consider setting the 'logging.level.web' property to 'DEBUG'
2019-07-16 14:04:19.576 [restartedMain] WARN  o.s.b.w.s.c.AnnotationConfigServletWebServerApplicationContext - Exception encountered during context initialization - cancelling refresh attempt: org.springframework.context.ApplicationContextException: Unable to start web server; nested exception is org.springframework.context.ApplicationContextException: Unable to start ServletWebServerApplicationContext due to missing ServletWebServerFactory bean.
2019-07-16 14:04:19.583 [restartedMain] INFO  o.s.b.a.l.ConditionEvaluationReportLoggingListener - 

Error starting ApplicationContext. To display the conditions report re-run your application with 'debug' enabled.
2019-07-16 14:04:19.592 [restartedMain] ERROR org.springframework.boot.SpringApplication - Application run failed
org.springframework.context.ApplicationContextException: Unable to start web server; nested exception is org.springframework.context.ApplicationContextException: Unable to start ServletWebServerApplicationContext due to missing ServletWebServerFactory bean.
	at org.springframework.boot.web.servlet.context.ServletWebServerApplicationContext.onRefresh(ServletWebServerApplicationContext.java:157)
	at org.springframework.context.support.AbstractApplicationContext.refresh(AbstractApplicationContext.java:540)
	at org.springframework.boot.web.servlet.context.ServletWebServerApplicationContext.refresh(ServletWebServerApplicationContext.java:142)
	at org.springframework.boot.SpringApplication.refresh(SpringApplication.java:775)
	at org.springframework.boot.SpringApplication.refreshContext(SpringApplication.java:397)
	at org.springframework.boot.SpringApplication.run(SpringApplication.java:316)
	at org.springframework.boot.SpringApplication.run(SpringApplication.java:1260)
	at org.springframework.boot.SpringApplication.run(SpringApplication.java:1248)
	at org.fh.api.FhiApiApplication.main(FhiApiApplication.java:14)
	at sun.reflect.NativeMethodAccessorImpl.invoke0(Native Method)
	at sun.reflect.NativeMethodAccessorImpl.invoke(NativeMethodAccessorImpl.java:62)
	at sun.reflect.DelegatingMethodAccessorImpl.invoke(DelegatingMethodAccessorImpl.java:43)
	at java.lang.reflect.Method.invoke(Method.java:498)
	at org.springframework.boot.devtools.restart.RestartLauncher.run(RestartLauncher.java:49)
Caused by: org.springframework.context.ApplicationContextException: Unable to start ServletWebServerApplicationContext due to missing ServletWebServerFactory bean.
	at org.springframework.boot.web.servlet.context.ServletWebServerApplicationContext.getWebServerFactory(ServletWebServerApplicationContext.java:206)
	at org.springframework.boot.web.servlet.context.ServletWebServerApplicationContext.createWebServer(ServletWebServerApplicationContext.java:180)
	at org.springframework.boot.web.servlet.context.ServletWebServerApplicationContext.onRefresh(ServletWebServerApplicationContext.java:154)
	... 13 common frames omitted
2019-07-16 14:06:13.244 [restartedMain] INFO  org.fh.api.FhiApiApplication - Starting FhiApiApplication on YK219ZAO71X6ZV0 with PID 21436 (C:\Dysprep\svn\bin\svn\fh_api\target\classes started by Administrator in C:\Dysprep\svn\bin\svn\fh_api)
2019-07-16 14:06:13.248 [restartedMain] INFO  org.fh.api.FhiApiApplication - No active profile set, falling back to default profiles: default
2019-07-16 14:06:13.309 [restartedMain] INFO  o.s.b.d.env.DevToolsPropertyDefaultsPostProcessor - Devtools property defaults active! Set 'spring.devtools.add-properties' to 'false' to disable
2019-07-16 14:06:13.309 [restartedMain] INFO  o.s.b.d.env.DevToolsPropertyDefaultsPostProcessor - For additional web related logging consider setting the 'logging.level.web' property to 'DEBUG'
2019-07-16 14:06:14.366 [restartedMain] WARN  o.s.b.w.s.c.AnnotationConfigServletWebServerApplicationContext - Exception encountered during context initialization - cancelling refresh attempt: org.springframework.context.ApplicationContextException: Unable to start web server; nested exception is org.springframework.context.ApplicationContextException: Unable to start ServletWebServerApplicationContext due to missing ServletWebServerFactory bean.
2019-07-16 14:06:14.373 [restartedMain] INFO  o.s.b.a.l.ConditionEvaluationReportLoggingListener - 

Error starting ApplicationContext. To display the conditions report re-run your application with 'debug' enabled.
2019-07-16 14:06:14.381 [restartedMain] ERROR org.springframework.boot.SpringApplication - Application run failed
org.springframework.context.ApplicationContextException: Unable to start web server; nested exception is org.springframework.context.ApplicationContextException: Unable to start ServletWebServerApplicationContext due to missing ServletWebServerFactory bean.
	at org.springframework.boot.web.servlet.context.ServletWebServerApplicationContext.onRefresh(ServletWebServerApplicationContext.java:157)
	at org.springframework.context.support.AbstractApplicationContext.refresh(AbstractApplicationContext.java:540)
	at org.springframework.boot.web.servlet.context.ServletWebServerApplicationContext.refresh(ServletWebServerApplicationContext.java:142)
	at org.springframework.boot.SpringApplication.refresh(SpringApplication.java:775)
	at org.springframework.boot.SpringApplication.refreshContext(SpringApplication.java:397)
	at org.springframework.boot.SpringApplication.run(SpringApplication.java:316)
	at org.springframework.boot.SpringApplication.run(SpringApplication.java:1260)
	at org.springframework.boot.SpringApplication.run(SpringApplication.java:1248)
	at org.fh.api.FhiApiApplication.main(FhiApiApplication.java:14)
	at sun.reflect.NativeMethodAccessorImpl.invoke0(Native Method)
	at sun.reflect.NativeMethodAccessorImpl.invoke(NativeMethodAccessorImpl.java:62)
	at sun.reflect.DelegatingMethodAccessorImpl.invoke(DelegatingMethodAccessorImpl.java:43)
	at java.lang.reflect.Method.invoke(Method.java:498)
	at org.springframework.boot.devtools.restart.RestartLauncher.run(RestartLauncher.java:49)
Caused by: org.springframework.context.ApplicationContextException: Unable to start ServletWebServerApplicationContext due to missing ServletWebServerFactory bean.
	at org.springframework.boot.web.servlet.context.ServletWebServerApplicationContext.getWebServerFactory(ServletWebServerApplicationContext.java:206)
	at org.springframework.boot.web.servlet.context.ServletWebServerApplicationContext.createWebServer(ServletWebServerApplicationContext.java:180)
	at org.springframework.boot.web.servlet.context.ServletWebServerApplicationContext.onRefresh(ServletWebServerApplicationContext.java:154)
	... 13 common frames omitted
2019-07-16 14:06:56.262 [restartedMain] INFO  org.fh.api.FhiApiApplication - Starting FhiApiApplication on YK219ZAO71X6ZV0 with PID 3008 (C:\Dysprep\svn\bin\svn\fh_api\target\classes started by Administrator in C:\Dysprep\svn\bin\svn\fh_api)
2019-07-16 14:06:56.264 [restartedMain] INFO  org.fh.api.FhiApiApplication - No active profile set, falling back to default profiles: default
2019-07-16 14:06:56.328 [restartedMain] INFO  o.s.b.d.env.DevToolsPropertyDefaultsPostProcessor - Devtools property defaults active! Set 'spring.devtools.add-properties' to 'false' to disable
2019-07-16 14:06:56.328 [restartedMain] INFO  o.s.b.d.env.DevToolsPropertyDefaultsPostProcessor - For additional web related logging consider setting the 'logging.level.web' property to 'DEBUG'
2019-07-16 14:06:57.494 [restartedMain] WARN  o.s.b.w.s.c.AnnotationConfigServletWebServerApplicationContext - Exception encountered during context initialization - cancelling refresh attempt: org.springframework.context.ApplicationContextException: Unable to start web server; nested exception is org.springframework.context.ApplicationContextException: Unable to start ServletWebServerApplicationContext due to missing ServletWebServerFactory bean.
2019-07-16 14:06:57.501 [restartedMain] INFO  o.s.b.a.l.ConditionEvaluationReportLoggingListener - 

Error starting ApplicationContext. To display the conditions report re-run your application with 'debug' enabled.
2019-07-16 14:06:57.509 [restartedMain] ERROR org.springframework.boot.SpringApplication - Application run failed
org.springframework.context.ApplicationContextException: Unable to start web server; nested exception is org.springframework.context.ApplicationContextException: Unable to start ServletWebServerApplicationContext due to missing ServletWebServerFactory bean.
	at org.springframework.boot.web.servlet.context.ServletWebServerApplicationContext.onRefresh(ServletWebServerApplicationContext.java:157)
	at org.springframework.context.support.AbstractApplicationContext.refresh(AbstractApplicationContext.java:540)
	at org.springframework.boot.web.servlet.context.ServletWebServerApplicationContext.refresh(ServletWebServerApplicationContext.java:142)
	at org.springframework.boot.SpringApplication.refresh(SpringApplication.java:775)
	at org.springframework.boot.SpringApplication.refreshContext(SpringApplication.java:397)
	at org.springframework.boot.SpringApplication.run(SpringApplication.java:316)
	at org.springframework.boot.SpringApplication.run(SpringApplication.java:1260)
	at org.springframework.boot.SpringApplication.run(SpringApplication.java:1248)
	at org.fh.api.FhiApiApplication.main(FhiApiApplication.java:14)
	at sun.reflect.NativeMethodAccessorImpl.invoke0(Native Method)
	at sun.reflect.NativeMethodAccessorImpl.invoke(NativeMethodAccessorImpl.java:62)
	at sun.reflect.DelegatingMethodAccessorImpl.invoke(DelegatingMethodAccessorImpl.java:43)
	at java.lang.reflect.Method.invoke(Method.java:498)
	at org.springframework.boot.devtools.restart.RestartLauncher.run(RestartLauncher.java:49)
Caused by: org.springframework.context.ApplicationContextException: Unable to start ServletWebServerApplicationContext due to missing ServletWebServerFactory bean.
	at org.springframework.boot.web.servlet.context.ServletWebServerApplicationContext.getWebServerFactory(ServletWebServerApplicationContext.java:206)
	at org.springframework.boot.web.servlet.context.ServletWebServerApplicationContext.createWebServer(ServletWebServerApplicationContext.java:180)
	at org.springframework.boot.web.servlet.context.ServletWebServerApplicationContext.onRefresh(ServletWebServerApplicationContext.java:154)
	... 13 common frames omitted
2019-07-16 14:24:53.107 [restartedMain] INFO  org.fh.api.FhiApiApplication - Starting FhiApiApplication on YK219ZAO71X6ZV0 with PID 14628 (C:\Dysprep\svn\bin\svn\fh_api\target\classes started by Administrator in C:\Dysprep\svn\bin\svn\fh_api)
2019-07-16 14:24:53.111 [restartedMain] INFO  org.fh.api.FhiApiApplication - No active profile set, falling back to default profiles: default
2019-07-16 14:24:53.169 [restartedMain] INFO  o.s.b.d.env.DevToolsPropertyDefaultsPostProcessor - Devtools property defaults active! Set 'spring.devtools.add-properties' to 'false' to disable
2019-07-16 14:24:53.170 [restartedMain] INFO  o.s.b.d.env.DevToolsPropertyDefaultsPostProcessor - For additional web related logging consider setting the 'logging.level.web' property to 'DEBUG'
2019-07-16 14:24:54.755 [restartedMain] INFO  o.s.boot.web.embedded.tomcat.TomcatWebServer - Tomcat initialized with port(s): 8080 (http)
2019-07-16 14:24:54.768 [restartedMain] INFO  org.apache.coyote.http11.Http11NioProtocol - Initializing ProtocolHandler ["http-nio-8080"]
2019-07-16 14:24:54.777 [restartedMain] INFO  org.apache.catalina.core.StandardService - Starting service [Tomcat]
2019-07-16 14:24:54.777 [restartedMain] INFO  org.apache.catalina.core.StandardEngine - Starting Servlet engine: [Apache Tomcat/9.0.14]
2019-07-16 14:24:54.784 [restartedMain] INFO  org.apache.catalina.core.AprLifecycleListener - The APR based Apache Tomcat Native library which allows optimal performance in production environments was not found on the java.library.path: [C:\Program Files\Java\jdk1.8.0_161\bin;C:\Windows\Sun\Java\bin;C:\Windows\system32;C:\Windows;C:\Windows\system32;C:\Windows;C:\Windows\System32\Wbem;C:\Windows\System32\WindowsPowerShell\v1.0\;C:\Windows\System32\OpenSSH\;C:\Program Files (x86)\NVIDIA Corporation\PhysX\Common;C:\Program Files\NVIDIA Corporation\NVIDIA NvDLISR;C:\Program Files\Git\cmd;C:\Program Files\nodejs\;C:\Program Files\TortoiseGit\bin;C:\Users\Administrator\AppData\Local\Microsoft\WindowsApps;C:\Users\Administrator\AppData\Roaming\npm;.]
2019-07-16 14:24:54.895 [restartedMain] INFO  o.a.c.core.ContainerBase.[Tomcat].[localhost].[/] - Initializing Spring embedded WebApplicationContext
2019-07-16 14:24:54.895 [restartedMain] INFO  org.springframework.web.context.ContextLoader - Root WebApplicationContext: initialization completed in 1725 ms
2019-07-16 14:24:55.561 [restartedMain] INFO  o.s.scheduling.concurrent.ThreadPoolTaskExecutor - Initializing ExecutorService 'applicationTaskExecutor'
2019-07-16 14:24:55.849 [restartedMain] INFO  o.s.b.d.autoconfigure.OptionalLiveReloadServer - LiveReload server is running on port 35729
2019-07-16 14:24:55.876 [restartedMain] INFO  org.apache.coyote.http11.Http11NioProtocol - Starting ProtocolHandler ["http-nio-8080"]
2019-07-16 14:24:55.902 [restartedMain] INFO  o.s.boot.web.embedded.tomcat.TomcatWebServer - Tomcat started on port(s): 8080 (http) with context path ''
2019-07-16 14:24:55.905 [restartedMain] INFO  org.fh.api.FhiApiApplication - Started FhiApiApplication in 3.222 seconds (JVM running for 4.119)
2019-07-16 14:25:45.319 [http-nio-8080-exec-1] INFO  o.a.c.core.ContainerBase.[Tomcat].[localhost].[/] - Initializing Spring DispatcherServlet 'dispatcherServlet'
2019-07-16 14:25:45.320 [http-nio-8080-exec-1] INFO  org.springframework.web.servlet.DispatcherServlet - Initializing Servlet 'dispatcherServlet'
2019-07-16 14:25:45.327 [http-nio-8080-exec-1] INFO  org.springframework.web.servlet.DispatcherServlet - Completed initialization in 7 ms
2019-07-16 14:25:45.345 [http-nio-8080-exec-1] INFO  org.fh.api.config.LoginInterceptor - ---------------------开始进入请求地址拦截----------------------------
2019-07-16 14:25:45.349 [http-nio-8080-exec-1] INFO  org.fh.api.config.LoginInterceptor - sessionId:8D832A0D2627B6DBD9308C1330EE034D
2019-07-16 14:26:38.507 [http-nio-8080-exec-4] INFO  org.fh.api.config.LoginInterceptor - ---------------------开始进入请求地址拦截----------------------------
2019-07-16 14:26:38.507 [http-nio-8080-exec-4] INFO  org.fh.api.config.LoginInterceptor - sessionId:8D832A0D2627B6DBD9308C1330EE034D
2019-07-16 14:26:54.032 [http-nio-8080-exec-6] INFO  org.fh.api.config.LoginInterceptor - ---------------------开始进入请求地址拦截----------------------------
2019-07-16 14:26:54.032 [http-nio-8080-exec-6] INFO  org.fh.api.config.LoginInterceptor - sessionId:8D832A0D2627B6DBD9308C1330EE034D
2019-07-16 14:26:54.039 [http-nio-8080-exec-6] INFO  o.f.a.controller.lifecircles.LifecirclesControler - getCircleRecommend
2019-07-16 14:26:54.088 [http-nio-8080-exec-6] INFO  com.alibaba.druid.pool.DruidDataSource - {dataSource-1} inited
2019-07-16 14:26:54.472 [http-nio-8080-exec-6] DEBUG o.f.a.m.l.LifecirclesMapper.getCircleRecommend - ==>  Preparing: SELECT a.LIFE_CIRCLE_ID, a.RECOMMENDATION, a.IMG, a.TITLE, a.CONTENT, a.BROWSE_TIMES, a.SHARE_TIMES, a.CREATE_TIME, a.BRIEF_INTRODUCTION FROM wx_applet_life_circles a WHERE a.RECOMMENDATION = 'yes' 
2019-07-16 14:26:54.518 [http-nio-8080-exec-6] DEBUG o.f.a.m.l.LifecirclesMapper.getCircleRecommend - ==> Parameters: 
2019-07-16 14:26:54.615 [http-nio-8080-exec-6] DEBUG o.f.a.m.l.LifecirclesMapper.getCircleRecommend - <==      Total: 2
2019-07-16 14:26:54.642 [http-nio-8080-exec-6] INFO  org.fh.api.config.LoginInterceptor - --------------处理请求完成后视图渲染之前的处理操作---------------
2019-07-16 14:26:54.642 [http-nio-8080-exec-6] INFO  org.fh.api.config.LoginInterceptor - ---------------视图渲染之后的操作-------------------------0
2019-07-16 14:27:57.531 [http-nio-8080-exec-9] INFO  org.fh.api.config.LoginInterceptor - ---------------------开始进入请求地址拦截----------------------------
2019-07-16 14:27:57.532 [http-nio-8080-exec-9] INFO  org.fh.api.config.LoginInterceptor - sessionId:8D832A0D2627B6DBD9308C1330EE034D
2019-07-16 14:27:57.532 [http-nio-8080-exec-9] INFO  o.f.a.controller.lifecircles.LifecirclesControler - getCircleRecommend
2019-07-16 14:27:57.562 [http-nio-8080-exec-9] DEBUG o.f.a.m.l.LifecirclesMapper.getCircleRecommend - ==>  Preparing: SELECT a.LIFE_CIRCLE_ID, a.RECOMMENDATION, a.IMG, a.TITLE, a.CONTENT, a.BROWSE_TIMES, a.SHARE_TIMES, a.CREATE_TIME, a.BRIEF_INTRODUCTION FROM wx_applet_life_circles a WHERE a.RECOMMENDATION = 'yes' 
2019-07-16 14:27:57.562 [http-nio-8080-exec-9] DEBUG o.f.a.m.l.LifecirclesMapper.getCircleRecommend - ==> Parameters: 
2019-07-16 14:27:57.588 [http-nio-8080-exec-9] DEBUG o.f.a.m.l.LifecirclesMapper.getCircleRecommend - <==      Total: 2
2019-07-16 14:27:57.592 [http-nio-8080-exec-9] INFO  org.fh.api.config.LoginInterceptor - --------------处理请求完成后视图渲染之前的处理操作---------------
2019-07-16 14:27:57.592 [http-nio-8080-exec-9] INFO  org.fh.api.config.LoginInterceptor - ---------------视图渲染之后的操作-------------------------0
2019-07-16 14:28:04.987 [Thread-15] INFO  o.s.scheduling.concurrent.ThreadPoolTaskExecutor - Shutting down ExecutorService 'applicationTaskExecutor'
2019-07-16 14:28:04.995 [Thread-15] INFO  com.alibaba.druid.pool.DruidDataSource - {dataSource-1} closed
